//
//
//
// Finx Programming Interface
//
//
//

finx >> req.login
auth >> Enter Username: aaronmeche
auth >> Enter Password: ***********
[ ... ... ... ... ...]
auth >> Login Successful
finx@aaron >> auth.accountCred | $account
finx@aaron >> echo $account
-----
Account Credentials:
    username: aaronmeche
    password: GingerLSU19
    account: aaron
    phone: 3374998852
    email: aaronmeche18_AT_icloud.com
    uid: 2384972396135980761984769237
-----
finx@aaron >> echo $
-----
Local Storage
    [Defined]
        $account:   Object[FAT] * Finx Authentication Token
    [System]
        $:          Object[FDC] * Finx Data Container
        $date:      Object[SFD] * Short Formatted Date
        $
-----